<?xml version="1.0" encoding="UTF-8"?>
<!-- Generated by org.testng.reporters.JUnitReportReporter -->
<testsuite hostname="DESKTOP-651GR1T" failures="0" tests="1" name="testCases.TC002_LoginTest" time="1.764" errors="0" timestamp="2025-01-16T18:40:51 IST" skipped="0">
  <testcase classname="testCases.TC002_LoginTest" name="verify_login" time="1.764"/>
</testsuite> <!-- testCases.TC002_LoginTest -->
