<?xml version="1.0" encoding="UTF-8"?>
<!-- Generated by org.testng.reporters.JUnitReportReporter -->
<testsuite hostname="DESKTOP-651GR1T" failures="0" tests="3" name="testCases.TC001_AccountRegistrationTest" time="7.010" errors="0" timestamp="2024-08-27T11:02:45 IST" skipped="0">
  <testcase classname="testCases.TC001_AccountRegistrationTest" name="verify_account_registration" time="2.466"/>
  <testcase classname="testCases.TC001_AccountRegistrationTest" name="verify_account_registration" time="2.403"/>
  <testcase classname="testCases.TC001_AccountRegistrationTest" name="verify_account_registration" time="2.141"/>
</testsuite> <!-- testCases.TC001_AccountRegistrationTest -->
