<?xml version="1.0" encoding="UTF-8"?>
<!-- Generated by org.testng.reporters.JUnitReportReporter -->
<testsuite hostname="DESKTOP-651GR1T" failures="0" tests="1" name="testCases.TC001_AccountRegistrationTest" time="2.116" errors="0" timestamp="2024-08-28T13:20:32 IST" skipped="0">
  <testcase classname="testCases.TC001_AccountRegistrationTest" name="verify_account_registration" time="2.116"/>
</testsuite> <!-- testCases.TC001_AccountRegistrationTest -->
