<?xml version="1.0" encoding="UTF-8"?>
<!-- Generated by org.testng.reporters.JUnitReportReporter -->
<testsuite hostname="DESKTOP-651GR1T" failures="0" tests="1" name="testCases.TC005_CartTest" time="1.510" errors="0" timestamp="2025-01-27T16:59:57 IST" skipped="0">
  <testcase classname="testCases.TC005_CartTest" name="verify_cartpage" time="1.510"/>
</testsuite> <!-- testCases.TC005_CartTest -->
